0:24:49: Graph 1Generation Started 
0:24:49: Graph 1Generation Ended {
  depth: 4,
  new_vertices_num: 26,
  vertices: 26, [1, 3, 7, 8, 7, -48, -25451711, -25366543, 903282703, 1, -2036658943, -48, 1, -25366543, 351993865, -99611913, -909222201, -96, 1, -25366543, 351993865, -99611913, -370284045, -17629708, -81199117, -201779467]
  edges: 35, {gray: 0, green: 1, blue: 6, yellow: 1, red: 2}
}


0:24:49: Graph 2Generation Started 
0:24:49: Graph 2Generation Ended {
  depth: 4,
  new_vertices_num: 26,
  vertices: 26, [1, 3, 7, 8, 7, -48, -25464191, -25366543, 903282703, 1, -2036658943, -48, 1, -25366543, 351993865, -99611913, -909222201, -96, 1, -25366543, 351993865, -99611913, -370284045, -17629708, -81199117, -201779467]
  edges: 35, {gray: 0, green: 1, blue: 6, yellow: 1, red: 2}
}


0:24:49: Graph 3Generation Started 
0:24:49: Graph 3Generation Ended {
  depth: 4,
  new_vertices_num: 26,
  vertices: 26, [1, 3, 7, 8, 7, -48, -25473695, -25366543, 903282703, 1, -2036658943, -48, 1, -25366543, 351993865, -99611913, -909222201, -96, 1, -25366543, 351993865, -99611913, -370284045, -17629708, -81199117, -201779467]
  edges: 35, {gray: 0, green: 1, blue: 6, yellow: 1, red: 2}
}


0:24:49: Graph 4Generation Started 
0:24:49: Graph 4Generation Ended {
  depth: 4,
  new_vertices_num: 26,
  vertices: 26, [1, 3, 7, 8, 7, -48, -25483023, -25366543, 903282703, 1, -2036658943, -48, 1, -25366543, 351993865, -99611913, -909222201, -96, 1, -25366543, 351993865, -99611913, -370284045, -17629708, -81199117, -201779467]
  edges: 35, {gray: 0, green: 1, blue: 6, yellow: 1, red: 2}
}


0:24:49: Graph 5Generation Started 
0:24:49: Graph 5Generation Ended {
  depth: 4,
  new_vertices_num: 26,
  vertices: 26, [1, 3, 7, 8, 7, -48, -25492351, -25366543, 903282703, 1, -2036658943, -48, 1, -25366543, 351993865, -99611913, -909222201, -96, 1, -25366543, 351993865, -99611913, -370284045, -17629708, -81199117, -201779467]
  edges: 35, {gray: 0, green: 1, blue: 6, yellow: 1, red: 2}
}


0:24:49: Graph 6Generation Started 
0:24:49: Graph 6Generation Ended {
  depth: 4,
  new_vertices_num: 26,
  vertices: 26, [1, 3, 7, 8, 7, -48, -25501679, -25366543, 903282703, 1, -2036658943, -48, 1, -25366543, 351993865, -99611913, -909222201, -96, 1, -25366543, 351993865, -99611913, -370284045, -17629708, -81199117, -201779467]
  edges: 35, {gray: 0, green: 1, blue: 6, yellow: 1, red: 2}
}


0:24:49: Graph 7Generation Started 
0:24:49: Graph 7Generation Ended {
  depth: 4,
  new_vertices_num: 26,
  vertices: 26, [1, 3, 7, 8, 7, -48, -25511007, -25366543, 903282703, 1, -2036658943, -48, 1, -25366543, 351993865, -99611913, -909222201, -96, 1, -25366543, 351993865, -99611913, -370284045, -17629708, -81199117, -201779467]
  edges: 35, {gray: 0, green: 1, blue: 6, yellow: 1, red: 2}
}


0:24:49: Graph 8Generation Started 
0:24:49: Graph 8Generation Ended {
  depth: 4,
  new_vertices_num: 26,
  vertices: 26, [1, 3, 7, 8, 7, -48, -25520335, -25366543, 903282703, 1, -2036658943, -48, 1, -25366543, 351993865, -99611913, -909222201, -96, 1, -25366543, 351993865, -99611913, -370284045, -17629708, -81199117, -201779467]
  edges: 35, {gray: 0, green: 1, blue: 6, yellow: 1, red: 2}
}


0:24:49: Graph 9Generation Started 
0:24:49: Graph 9Generation Ended {
  depth: 4,
  new_vertices_num: 26,
  vertices: 26, [1, 3, 7, 8, 7, -48, -25529663, -25366543, 903282703, 1, -2036658943, -48, 1, -25366543, 351993865, -99611913, -909222201, -96, 1, -25366543, 351993865, -99611913, -370284045, -17629708, -81199117, -201779467]
  edges: 35, {gray: 0, green: 1, blue: 6, yellow: 1, red: 2}
}


0:24:49: Graph 10Generation Started 
0:24:49: Graph 10Generation Ended {
  depth: 4,
  new_vertices_num: 26,
  vertices: 26, [1, 3, 7, 8, 7, -48, -25538991, -25366543, 903282703, 1, -2036658943, -48, 1, -25366543, 351993865, -99611913, -909222201, -96, 1, -25366543, 351993865, -99611913, -370284045, -17629708, -81199117, -201779467]
  edges: 35, {gray: 0, green: 1, blue: 6, yellow: 1, red: 2}
}


